<?xml version="1.1" encoding="UTF-8"?>
<testsuite name="edu.union.adt.graph.tests.GraphTestsUsingEquals" tests="3" failures="0" errors="0" timestamp="2014-01-22T20:59:01" hostname="Nicholass-MacBook-Pro-2.local" time="0.0020">
  <properties/>
  <testcase name="simpleEquals" classname="edu.union.adt.graph.tests.GraphTestsUsingEquals" time="0.0"/>
  <testcase name="addEdge" classname="edu.union.adt.graph.tests.GraphTestsUsingEquals" time="0.0"/>
  <testcase name="addVertex" classname="edu.union.adt.graph.tests.GraphTestsUsingEquals" time="0.0"/>
  <system-out><![CDATA[]]></system-out>
  <system-err><![CDATA[]]></system-err>
</testsuite>
